06 Jul 2022 12:44:35,986 main - Handling deprecation for yarn.sharedcache.store.in-memory.staleness-period-mins
06 Jul 2022 12:44:35,986 main - Handling deprecation for hadoop.security.group.mapping.providers.combined
06 Jul 2022 12:44:35,986 main - Handling deprecation for fs.AbstractFileSystem.har.impl
06 Jul 2022 12:44:35,986 main - Handling deprecation for mapreduce.job.running.map.limit
06 Jul 2022 12:44:35,986 main - Handling deprecation for mapreduce.reduce.input.buffer.percent
06 Jul 2022 12:44:35,986 main - Handling deprecation for yarn.nodemanager.webapp.address
06 Jul 2022 12:44:35,986 main - Handling deprecation for yarn.resourcemanager.placement-constraints.scheduler.pool-size
06 Jul 2022 12:44:35,986 main - Handling deprecation for fs.s3a.multipart.size
06 Jul 2022 12:44:35,986 main - Handling deprecation for yarn.app.mapreduce.am.job.committer.commit-window
06 Jul 2022 12:44:35,986 main - Handling deprecation for yarn.timeline-service.webapp.rest-csrf.enabled
06 Jul 2022 12:44:35,986 main - Handling deprecation for mapreduce.job.submithostname
06 Jul 2022 12:44:35,986 main - Handling deprecation for yarn.timeline-service.reader.class
06 Jul 2022 12:44:35,986 main - Handling deprecation for yarn.app.mapreduce.am.staging-dir.erasurecoding.enabled
06 Jul 2022 12:44:35,986 main - Handling deprecation for yarn.timeline-service.writer.class
06 Jul 2022 12:44:35,986 main - Handling deprecation for mapreduce.ifile.readahead
06 Jul 2022 12:44:35,986 main - Handling deprecation for yarn.timeline-service.entity-group-fs-store.summary-store
06 Jul 2022 12:44:35,986 main - Handling deprecation for fs.s3a.s3guard.ddb.table.create
06 Jul 2022 12:44:35,986 main - Handling deprecation for fs.s3a.socket.recv.buffer
06 Jul 2022 12:44:35,986 main - Handling deprecation for mapreduce.output.fileoutputformat.compress.codec
06 Jul 2022 12:44:35,986 main - Handling deprecation for fs.adl.impl
06 Jul 2022 12:44:35,986 main - Handling deprecation for yarn.sharedcache.store.in-memory.initial-delay-mins
06 Jul 2022 12:44:35,986 main - Handling deprecation for mapreduce.jobhistory.webapp.address
06 Jul 2022 12:44:35,986 main - Handling deprecation for mapreduce.job.local-fs.single-disk-limit.bytes
06 Jul 2022 12:44:35,986 main - Handling deprecation for mapreduce.task.userlog.limit.kb
06 Jul 2022 12:44:35,986 main - Handling deprecation for fs.s3a.connection.ssl.enabled
06 Jul 2022 12:44:35,986 main - Handling deprecation for yarn.router.rmadmin.interceptor-class.pipeline
06 Jul 2022 12:44:35,986 main - Handling deprecation for yarn.sharedcache.webapp.address
06 Jul 2022 12:44:35,986 main - Handling deprecation for ipc.server.max.connections
06 Jul 2022 12:44:35,986 main - Handling deprecation for yarn.resourcemanager.rm.container-allocation.expiry-interval-ms
06 Jul 2022 12:44:35,986 main - Handling deprecation for yarn.app.mapreduce.am.resource.mb
06 Jul 2022 12:44:35,986 main - Handling deprecation for hadoop.security.groups.cache.secs
06 Jul 2022 12:44:35,986 main - Handling deprecation for mapreduce.shuffle.transfer.buffer.size
06 Jul 2022 12:44:35,986 main - Handling deprecation for hadoop.security.group.mapping.ldap.directory.search.timeout
06 Jul 2022 12:44:35,986 main - Handling deprecation for yarn.app.mapreduce.client-am.ipc.max-retries-on-timeouts
06 Jul 2022 12:44:35,986 main - Handling deprecation for fs.s3a.committer.threads
06 Jul 2022 12:44:35,986 main - Handling deprecation for yarn.resourcemanager.nodemanager-graceful-decommission-timeout-secs
06 Jul 2022 12:44:35,986 main - Handling deprecation for yarn.scheduler.maximum-allocation-vcores
06 Jul 2022 12:44:35,986 main - Handling deprecation for yarn.nodemanager.sleep-delay-before-sigkill.ms
06 Jul 2022 12:44:35,986 main - Handling deprecation for mapreduce.job.acl-modify-job
06 Jul 2022 12:44:35,986 main - Handling deprecation for fs.automatic.close
06 Jul 2022 12:44:35,986 main - Handling deprecation for fs.azure.sas.expiry.period
06 Jul 2022 12:44:35,986 main - Handling deprecation for hadoop.security.groups.cache.background.reload.threads
06 Jul 2022 12:44:35,986 main - Handling deprecation for mapreduce.input.fileinputformat.list-status.num-threads
06 Jul 2022 12:44:35,986 main - Handling deprecation for hadoop.security.group.mapping.ldap.posix.attr.gid.name
06 Jul 2022 12:44:35,986 main - Handling deprecation for mapreduce.shuffle.listen.queue.size
06 Jul 2022 12:44:35,986 main - Handling deprecation for mapreduce.jobhistory.intermediate-done-dir
06 Jul 2022 12:44:35,986 main - Handling deprecation for mapreduce.client.libjars.wildcard
06 Jul 2022 12:44:35,986 main - Handling deprecation for yarn.nodemanager.recovery.compaction-interval-secs
06 Jul 2022 12:44:35,986 main - Handling deprecation for mapreduce.reduce.shuffle.input.buffer.percent
06 Jul 2022 12:44:35,986 main - Handling deprecation for mapreduce.map.maxattempts
06 Jul 2022 12:44:35,986 main - Handling deprecation for yarn.http.policy
06 Jul 2022 12:44:35,986 main - Handling deprecation for hadoop.security.groups.cache.warn.after.ms
06 Jul 2022 12:44:35,986 main - Handling deprecation for io.serializations
06 Jul 2022 12:44:35,986 main - Handling deprecation for yarn.nodemanager.webapp.rest-csrf.custom-header
06 Jul 2022 12:44:35,986 main - Handling deprecation for hadoop.http.cross-origin.allowed-methods
06 Jul 2022 12:44:35,986 main - Handling deprecation for yarn.node-labels.fs-store.impl.class
06 Jul 2022 12:44:35,986 main - Handling deprecation for mapreduce.jobhistory.webapp.rest-csrf.enabled
06 Jul 2022 12:44:35,986 main - Handling deprecation for hadoop.zk.acl
06 Jul 2022 12:44:35,986 main - Handling deprecation for yarn.nodemanager.container.stderr.pattern
06 Jul 2022 12:44:35,986 main - Handling deprecation for mapreduce.cluster.local.dir
06 Jul 2022 12:44:35,986 main - Handling deprecation for hadoop.kerberos.kinit.command
06 Jul 2022 12:44:35,986 main - Handling deprecation for mapreduce.job.local-fs.single-disk-limit.check.kill-limit-exceed
06 Jul 2022 12:44:35,986 main - Handling deprecation for fs.viewfs.rename.strategy
06 Jul 2022 12:44:35,986 main - Handling deprecation for ipc.client.connect.max.retries.on.timeouts
06 Jul 2022 12:44:35,986 main - Handling deprecation for fs.client.resolve.topology.enabled
06 Jul 2022 12:44:35,986 main - Handling deprecation for yarn.resourcemanager.node-labels.provider.fetch-interval-ms
06 Jul 2022 12:44:35,986 main - Handling deprecation for yarn.nodemanager.container-metrics.enable
06 Jul 2022 12:44:35,986 main - Handling deprecation for mapreduce.job.map.output.collector.class
06 Jul 2022 12:44:35,986 main - Handling deprecation for fs.s3a.fast.upload.buffer
06 Jul 2022 12:44:35,986 main - Handling deprecation for ha.health-monitor.connect-retry-interval.ms
06 Jul 2022 12:44:35,986 main - Handling deprecation for io.mapfile.bloom.size
06 Jul 2022 12:44:35,986 main - Handling deprecation for hadoop.security.kms.client.authentication.retry-count
06 Jul 2022 12:44:35,986 main - Handling deprecation for fs.ftp.data.connection.mode
06 Jul 2022 12:44:35,986 main - Handling deprecation for fs.swift.impl
06 Jul 2022 12:44:35,986 main - Handling deprecation for yarn.resourcemanager.webapp.rest-csrf.methods-to-ignore
06 Jul 2022 12:44:35,986 main - Handling deprecation for mapreduce.job.max.map
06 Jul 2022 12:44:35,986 main - Handling deprecation for yarn.app.mapreduce.shuffle.log.backups
06 Jul 2022 12:44:35,986 main - Handling deprecation for ftp.blocksize
06 Jul 2022 12:44:35,986 main - Handling deprecation for yarn.resourcemanager.scheduler.monitor.enable
06 Jul 2022 12:44:35,986 main - Handling deprecation for yarn.sharedcache.nm.uploader.thread-count
06 Jul 2022 12:44:35,986 main - Handling deprecation for yarn.app.mapreduce.client.job.retry-interval
06 Jul 2022 12:44:35,986 main - Handling deprecation for yarn.scheduler.configuration.store.max-logs
06 Jul 2022 12:44:35,986 main - Handling deprecation for hadoop.security.authorization
06 Jul 2022 12:44:35,986 main - Handling deprecation for yarn.timeline-service.version
06 Jul 2022 12:44:35,986 main - Handling deprecation for yarn.am.liveness-monitor.expiry-interval-ms
06 Jul 2022 12:44:35,986 main - Handling deprecation for fs.har.impl.disable.cache
06 Jul 2022 12:44:35,986 main - Handling deprecation for yarn.timeline-service.leveldb-timeline-store.path
06 Jul 2022 12:44:35,986 main - Handling deprecation for mapreduce.job.reduce.slowstart.completedmaps
06 Jul 2022 12:44:35,986 main - Handling deprecation for mapreduce.jobhistory.minicluster.fixed.ports
06 Jul 2022 12:44:35,986 main - Handling deprecation for yarn.resourcemanager.delegation.token.max-lifetime
06 Jul 2022 12:44:35,986 main - Handling deprecation for yarn.resourcemanager.ha.automatic-failover.enabled
06 Jul 2022 12:44:35,986 main - Handling deprecation for hadoop.security.group.mapping.ldap.conversion.rule
06 Jul 2022 12:44:35,986 main - Handling deprecation for mapreduce.map.output.value.class
06 Jul 2022 12:44:35,986 main - Handling deprecation for io.mapfile.bloom.error.rate
06 Jul 2022 12:44:35,986 main - Handling deprecation for yarn.resourcemanager.store.class
06 Jul 2022 12:44:35,986 main - Handling deprecation for yarn.nodemanager.webapp.rest-csrf.enabled
06 Jul 2022 12:44:35,986 main - Handling deprecation for yarn.timeline-service.leveldb-state-store.path
06 Jul 2022 12:44:35,986 main - Handling deprecation for fs.s3a.committer.staging.unique-filenames
06 Jul 2022 12:44:35,986 main - Handling deprecation for yarn.scheduler.configuration.zk-store.parent-path
06 Jul 2022 12:44:35,986 main - Handling deprecation for yarn.timeline-service.writer.flush-interval-seconds
06 Jul 2022 12:44:35,986 main - Handling deprecation for yarn.nodemanager.container-executor.class
06 Jul 2022 12:44:35,986 main - Handling deprecation for yarn.app.mapreduce.shuffle.log.separate
06 Jul 2022 12:44:35,986 main - Handling deprecation for hadoop.security.kms.client.encrypted.key.cache.low-watermark
06 Jul 2022 12:44:35,986 main - Handling deprecation for hadoop.user.group.static.mapping.overrides
06 Jul 2022 12:44:35,986 main - Handling deprecation for fs.s3a.retry.throttle.interval
06 Jul 2022 12:44:35,986 main - Handling deprecation for mapreduce.jobhistory.webapp.rest-csrf.custom-header
06 Jul 2022 12:44:35,986 main - Handling deprecation for yarn.nodemanager.amrmproxy.address
06 Jul 2022 12:44:35,986 main - Handling deprecation for yarn.webapp.xfs-filter.enabled
06 Jul 2022 12:44:35,987 main - Handling deprecation for hadoop.system.tags
06 Jul 2022 12:44:35,987 main - Handling deprecation for yarn.nodemanager.numa-awareness.numactl.cmd
06 Jul 2022 12:44:35,987 main - Handling deprecation for yarn.nodemanager.collector-service.thread-count
06 Jul 2022 12:44:35,987 main - Handling deprecation for yarn.nodemanager.runtime.linux.docker.capabilities
06 Jul 2022 12:44:35,987 main - Handling deprecation for yarn.nodemanager.distributed-scheduling.enabled
06 Jul 2022 12:44:35,987 main - Handling deprecation for yarn.minicluster.fixed.ports
06 Jul 2022 12:44:35,987 main - Handling deprecation for ipc.client.fallback-to-simple-auth-allowed
06 Jul 2022 12:44:35,987 main - Handling deprecation for yarn.nodemanager.remote-app-log-dir
06 Jul 2022 12:44:35,987 main - Handling deprecation for yarn.timeline-service.entity-group-fs-store.scan-interval-seconds
06 Jul 2022 12:44:35,987 main - Handling deprecation for yarn.nodemanager.resource.percentage-physical-cpu-limit
06 Jul 2022 12:44:35,987 main - Handling deprecation for fs.s3a.s3guard.cli.prune.age
06 Jul 2022 12:44:35,987 main - Handling deprecation for hadoop.jetty.logs.serve.aliases
06 Jul 2022 12:44:35,987 main - Handling deprecation for mapreduce.jobhistory.admin.acl
06 Jul 2022 12:44:35,987 main - Handling deprecation for mapreduce.job.reducer.unconditional-preempt.delay.sec
06 Jul 2022 12:44:35,987 main - Handling deprecation for yarn.app.mapreduce.am.hard-kill-timeout-ms
06 Jul 2022 12:44:35,987 main - Handling deprecation for yarn.resourcemanager.node-removal-untracked.timeout-ms
06 Jul 2022 12:44:35,987 main - Handling deprecation for yarn.resourcemanager.webapp.address
06 Jul 2022 12:44:35,987 main - Handling deprecation for mapreduce.jobhistory.recovery.enable
06 Jul 2022 12:44:35,987 main - Handling deprecation for yarn.sharedcache.store.in-memory.check-period-mins
06 Jul 2022 12:44:35,987 main - Handling deprecation for fs.df.interval
06 Jul 2022 12:44:35,987 main - Handling deprecation for yarn.nodemanager.resource-plugins.fpga.vendor-plugin.class
06 Jul 2022 12:44:35,987 main - Handling deprecation for fs.s3a.assumed.role.session.duration
06 Jul 2022 12:44:35,987 main - Handling deprecation for mapreduce.job.cache.limit.max-single-resource-mb
06 Jul 2022 12:44:35,987 main - Handling deprecation for yarn.timeline-service.enabled
06 Jul 2022 12:44:35,987 main - Handling deprecation for hadoop.http.cross-origin.allowed-headers
06 Jul 2022 12:44:35,987 main - Handling deprecation for mapreduce.task.profile
06 Jul 2022 12:44:35,987 main - Handling deprecation for yarn.router.webapp.address
06 Jul 2022 12:44:35,987 main - Handling deprecation for yarn.nodemanager.hostname
06 Jul 2022 12:44:35,987 main - Handling deprecation for mapreduce.task.exit.timeout
06 Jul 2022 12:44:35,987 main - Handling deprecation for yarn.resourcemanager.nm-container-queuing.max-queue-length
06 Jul 2022 12:44:35,987 main - Handling deprecation for mapreduce.job.token.tracking.ids.enabled
06 Jul 2022 12:44:35,987 main - Handling deprecation for fs.s3a.assumed.role.credentials.provider
06 Jul 2022 12:44:35,987 main - Handling deprecation for fs.azure.authorization.caching.enable
06 Jul 2022 12:44:35,987 main - Handling deprecation for hadoop.security.kms.client.failover.sleep.max.millis
06 Jul 2022 12:44:35,987 main - Handling deprecation for yarn.resourcemanager.webapp.rest-csrf.custom-header
06 Jul 2022 12:44:35,987 main - Handling deprecation for yarn.resourcemanager.nm-container-queuing.max-queue-wait-time-ms
06 Jul 2022 12:44:35,987 main - Handling deprecation for mapreduce.jobhistory.move.thread-count
06 Jul 2022 12:44:35,987 main - Handling deprecation for fs.AbstractFileSystem.hdfs.impl
06 Jul 2022 12:44:35,987 main - Handling deprecation for mapreduce.job.inputformat.class
06 Jul 2022 12:44:35,987 main - Handling deprecation for yarn.nodemanager.container-localizer.log.level
06 Jul 2022 12:44:35,987 main - Handling deprecation for hadoop.http.filter.initializers
06 Jul 2022 12:44:35,987 main - Handling deprecation for yarn.timeline-service.http-authentication.simple.anonymous.allowed
06 Jul 2022 12:44:35,987 main - Handling deprecation for yarn.nodemanager.runtime.linux.docker.allowed-container-networks
06 Jul 2022 12:44:35,987 main - Handling deprecation for yarn.sharedcache.client-server.thread-count
06 Jul 2022 12:44:35,987 main - Handling deprecation for fs.s3a.committer.magic.enabled
06 Jul 2022 12:44:35,987 main - Handling deprecation for fs.s3a.s3guard.ddb.max.retries
06 Jul 2022 12:44:35,987 main - Handling deprecation for yarn.resourcemanager.resource-tracker.address
06 Jul 2022 12:44:35,987 main - Handling deprecation for mapreduce.job.working.dir
06 Jul 2022 12:44:35,987 main - Handling deprecation for mapreduce.jobhistory.jobname.limit
06 Jul 2022 12:44:35,987 main - Handling deprecation for rpc.metrics.quantile.enable
06 Jul 2022 12:44:35,987 main - Handling deprecation for yarn.federation.subcluster-resolver.class
06 Jul 2022 12:44:35,987 main - Handling deprecation for mapreduce.task.timeout
06 Jul 2022 12:44:35,987 main - Handling deprecation for yarn.nodemanager.resource.memory-mb
06 Jul 2022 12:44:35,987 main - Handling deprecation for yarn.nodemanager.disk-health-checker.min-healthy-disks
06 Jul 2022 12:44:35,987 main - Handling deprecation for mapreduce.fileoutputcommitter.algorithm.version
06 Jul 2022 12:44:35,987 main - Handling deprecation for mapreduce.framework.name
06 Jul 2022 12:44:35,987 main - Handling deprecation for yarn.router.clientrm.interceptor-class.pipeline
06 Jul 2022 12:44:35,987 main - Handling deprecation for yarn.resourcemanager.system-metrics-publisher.enabled
06 Jul 2022 12:44:35,987 main - Handling deprecation for yarn.sharedcache.nested-level
06 Jul 2022 12:44:35,987 main - Handling deprecation for hadoop.caller.context.signature.max.size
06 Jul 2022 12:44:35,987 main - Handling deprecation for fs.s3a.connection.timeout
06 Jul 2022 12:44:35,987 main - Handling deprecation for hadoop.security.dns.log-slow-lookups.enabled
06 Jul 2022 12:44:35,987 main - Handling deprecation for mapreduce.jobhistory.webapp.https.address
06 Jul 2022 12:44:35,987 main - Handling deprecation for file.client-write-packet-size
06 Jul 2022 12:44:35,987 main - Handling deprecation for fs.s3a.s3guard.ddb.table.capacity.read
06 Jul 2022 12:44:35,987 main - Handling deprecation for ipc.client.ping
06 Jul 2022 12:44:35,987 main - Handling deprecation for yarn.resourcemanager.delayed.delegation-token.removal-interval-ms
06 Jul 2022 12:44:35,987 main - Handling deprecation for yarn.nodemanager.webapp.cross-origin.enabled
06 Jul 2022 12:44:35,987 main - Handling deprecation for mapreduce.job.encrypted-intermediate-data
06 Jul 2022 12:44:35,987 main - Handling deprecation for yarn.nodemanager.opportunistic-containers-use-pause-for-preemption
06 Jul 2022 12:44:35,987 main - Handling deprecation for yarn.minicluster.control-resource-monitoring
06 Jul 2022 12:44:35,987 main - Handling deprecation for mapreduce.client.genericoptionsparser.used
06 Jul 2022 12:44:35,987 main - Handling deprecation for yarn.nodemanager.health-checker.script.timeout-ms
06 Jul 2022 12:44:35,987 main - Handling deprecation for yarn.resourcemanager.fs.state-store.num-retries
06 Jul 2022 12:44:35,987 main - Handling deprecation for hadoop.ssl.require.client.cert
06 Jul 2022 12:44:35,987 main - Handling deprecation for hadoop.security.uid.cache.secs
06 Jul 2022 12:44:35,987 main - Handling deprecation for mapreduce.jobhistory.keytab
06 Jul 2022 12:44:35,987 main - Handling deprecation for yarn.resourcemanager.ha.automatic-failover.zk-base-path
06 Jul 2022 12:44:35,987 main - Handling deprecation for yarn.intermediate-data-encryption.enable
06 Jul 2022 12:44:35,987 main - Handling deprecation for mapreduce.job.speculative.speculative-cap-running-tasks
06 Jul 2022 12:44:35,987 main - Handling deprecation for yarn.system-metrics-publisher.enabled
06 Jul 2022 12:44:35,987 main - Handling deprecation for yarn.timeline-service.entity-group-fs-store.app-cache-size
06 Jul 2022 12:44:35,987 main - Handling deprecation for fs.AbstractFileSystem.s3a.impl
06 Jul 2022 12:44:35,987 main - Handling deprecation for yarn.client.load.resource-types.from-server
06 Jul 2022 12:44:35,987 main - Handling deprecation for ipc.client.tcpnodelay
06 Jul 2022 12:44:35,987 main - Handling deprecation for yarn.resourcemanager.metrics.runtime.buckets
06 Jul 2022 12:44:35,987 main - Handling deprecation for yarn.client.application-client-protocol.poll-timeout-ms
06 Jul 2022 12:44:35,987 main - Handling deprecation for io.map.index.skip
06 Jul 2022 12:44:35,987 main - Handling deprecation for mapreduce.job.sharedcache.mode
06 Jul 2022 12:44:35,987 main - Handling deprecation for mapreduce.job.hdfs-servers
06 Jul 2022 12:44:35,987 main - Handling deprecation for mapreduce.map.output.compress
06 Jul 2022 12:44:35,987 main - Handling deprecation for hadoop.security.kms.client.encrypted.key.cache.num.refill.threads
06 Jul 2022 12:44:35,987 main - Handling deprecation for mapreduce.task.merge.progress.records
06 Jul 2022 12:44:35,987 main - Handling deprecation for yarn.nodemanager.aux-services.mapreduce_shuffle.class
06 Jul 2022 12:44:35,987 main - Handling deprecation for tfile.fs.output.buffer.size
06 Jul 2022 12:44:35,987 main - Handling deprecation for fs.du.interval
06 Jul 2022 12:44:35,987 main - Handling deprecation for hadoop.zk.retry-interval-ms
06 Jul 2022 12:44:35,987 main - Handling deprecation for mapreduce.job.dir
06 Jul 2022 12:44:35,987 main - Handling deprecation for yarn.sharedcache.uploader.server.address
06 Jul 2022 12:44:35,987 main - Handling deprecation for fs.s3a.socket.send.buffer
06 Jul 2022 12:44:35,987 main - Handling deprecation for mapreduce.jvm.system-properties-to-log
06 Jul 2022 12:44:35,987 main - Handling deprecation for hadoop.registry.zk.quorum
06 Jul 2022 12:44:35,987 main - Handling deprecation for hadoop.http.cross-origin.allowed-origins
06 Jul 2022 12:44:35,987 main - Handling deprecation for hadoop.registry.system.acls
06 Jul 2022 12:44:35,987 main - Handling deprecation for yarn.nodemanager.resource-plugins.gpu.docker-plugin.nvidia-docker-v1.endpoint
06 Jul 2022 12:44:35,987 main - Handling deprecation for mapreduce.job.encrypted-intermediate-data.buffer.kb
06 Jul 2022 12:44:35,987 main - Handling deprecation for yarn.resourcemanager.webapp.xfs-filter.xframe-options
06 Jul 2022 12:44:35,987 main - Handling deprecation for mapreduce.task.profile.reduce.params
06 Jul 2022 12:44:35,987 main - Handling deprecation for mapreduce.reduce.memory.mb
06 Jul 2022 12:44:35,987 main - Handling deprecation for hadoop.http.authentication.kerberos.principal
06 Jul 2022 12:44:35,987 main - Handling deprecation for hadoop.caller.context.enabled
06 Jul 2022 12:44:35,987 main - Handling deprecation for yarn.nodemanager.disk-health-checker.min-free-space-per-disk-mb
06 Jul 2022 12:44:35,987 main - Handling deprecation for mapreduce.input.multipleinputs.dir.mappers
06 Jul 2022 12:44:35,987 main - Handling deprecation for hadoop.security.sensitive-config-keys
06 Jul 2022 12:44:35,987 main - Handling deprecation for mapreduce.client.completion.pollinterval
06 Jul 2022 12:44:35,987 main - Handling deprecation for hadoop.http.logs.enabled
06 Jul 2022 12:44:35,987 main - Handling deprecation for hadoop.security.group.mapping.ldap.read.timeout.ms
06 Jul 2022 12:44:35,987 main - Handling deprecation for yarn.resourcemanager.max-log-aggregation-diagnostics-in-memory
06 Jul 2022 12:44:35,987 main - Handling deprecation for yarn.resourcemanager.webapp.https.address
06 Jul 2022 12:44:35,987 main - Handling deprecation for fs.s3a.retry.throttle.limit
06 Jul 2022 12:44:35,987 main - Handling deprecation for mapreduce.job.cache.limit.max-resources
06 Jul 2022 12:44:36,014 main - The url to track the job: http://localhost:8080/
06 Jul 2022 12:44:36,015 main - Running job: job_local597135895_0001
06 Jul 2022 12:44:36,016 Thread-20 - OutputCommitter set in config null
06 Jul 2022 12:44:36,016 main - PrivilegedAction as:buiminhchi (auth:SIMPLE) from:org.apache.hadoop.mapreduce.Job.updateStatus(Job.java:328)
06 Jul 2022 12:44:36,019 main - PrivilegedAction as:buiminhchi (auth:SIMPLE) from:org.apache.hadoop.mapreduce.Job.updateStatus(Job.java:328)
06 Jul 2022 12:44:36,020 Thread-20 - Looking for committer factory for path file:/Users/buiminhchi/GHTK/masterDev/bai7_Hadoop/bai3/output
06 Jul 2022 12:44:36,020 Thread-20 - No scheme-specific factory defined in mapreduce.outputcommitter.factory.scheme.file
06 Jul 2022 12:44:36,020 Thread-20 - No output committer factory defined, defaulting to FileOutputCommitterFactory
06 Jul 2022 12:44:36,021 Thread-20 - Creating FileOutputCommitter for path file:/Users/buiminhchi/GHTK/masterDev/bai7_Hadoop/bai3/output and context TaskAttemptContextImpl{JobContextImpl{jobId=job_local597135895_0001}; taskId=attempt_local597135895_0001_m_000000_0, status=''}
06 Jul 2022 12:44:36,021 Thread-20 - Creating committer with output path file:/Users/buiminhchi/GHTK/masterDev/bai7_Hadoop/bai3/output and job context TaskAttemptContextImpl{JobContextImpl{jobId=job_local597135895_0001}; taskId=attempt_local597135895_0001_m_000000_0, status=''}
06 Jul 2022 12:44:36,021 Thread-20 - File Output Committer Algorithm version is 2
06 Jul 2022 12:44:36,021 Thread-20 - FileOutputCommitter skip cleanup _temporary folders under output directory:false, ignore cleanup failures: false
06 Jul 2022 12:44:36,022 Thread-20 - OutputCommitter is org.apache.hadoop.mapreduce.lib.output.FileOutputCommitter
06 Jul 2022 12:44:36,059 Thread-20 - Starting mapper thread pool executor.
06 Jul 2022 12:44:36,060 Thread-20 - Max local threads: 1
06 Jul 2022 12:44:36,060 Thread-20 - Map tasks to process: 2
06 Jul 2022 12:44:36,060 Thread-20 - Waiting for map tasks
06 Jul 2022 12:44:36,060 LocalJobRunner Map Task Executor #0 - beforeExecute in thread: LocalJobRunner Map Task Executor #0, runnable type: java.util.concurrent.FutureTask
06 Jul 2022 12:44:36,060 LocalJobRunner Map Task Executor #0 - Starting task: attempt_local597135895_0001_m_000000_0
06 Jul 2022 12:44:36,065 LocalJobRunner Map Task Executor #0 - currentIndex 0   0:0
06 Jul 2022 12:44:36,071 LocalJobRunner Map Task Executor #0 - mapreduce.cluster.local.dir for child : /tmp/hadoop-buiminhchi/mapred/local/localRunner//buiminhchi/jobcache/job_local597135895_0001/attempt_local597135895_0001_m_000000_0
06 Jul 2022 12:44:36,072 LocalJobRunner Map Task Executor #0 - using new api for output committer
06 Jul 2022 12:44:36,072 LocalJobRunner Map Task Executor #0 - Looking for committer factory for path file:/Users/buiminhchi/GHTK/masterDev/bai7_Hadoop/bai3/output
06 Jul 2022 12:44:36,073 LocalJobRunner Map Task Executor #0 - No scheme-specific factory defined in mapreduce.outputcommitter.factory.scheme.file
06 Jul 2022 12:44:36,073 LocalJobRunner Map Task Executor #0 - No output committer factory defined, defaulting to FileOutputCommitterFactory
06 Jul 2022 12:44:36,073 LocalJobRunner Map Task Executor #0 - Creating FileOutputCommitter for path file:/Users/buiminhchi/GHTK/masterDev/bai7_Hadoop/bai3/output and context TaskAttemptContextImpl{JobContextImpl{jobId=job_local597135895_0001}; taskId=attempt_local597135895_0001_m_000000_0, status=''}
06 Jul 2022 12:44:36,073 LocalJobRunner Map Task Executor #0 - Creating committer with output path file:/Users/buiminhchi/GHTK/masterDev/bai7_Hadoop/bai3/output and job context TaskAttemptContextImpl{JobContextImpl{jobId=job_local597135895_0001}; taskId=attempt_local597135895_0001_m_000000_0, status=''}
06 Jul 2022 12:44:36,073 LocalJobRunner Map Task Executor #0 - File Output Committer Algorithm version is 2
06 Jul 2022 12:44:36,073 LocalJobRunner Map Task Executor #0 - FileOutputCommitter skip cleanup _temporary folders under output directory:false, ignore cleanup failures: false
06 Jul 2022 12:44:36,081 LocalJobRunner Map Task Executor #0 - ProcfsBasedProcessTree currently is supported only on Linux.
06 Jul 2022 12:44:36,081 LocalJobRunner Map Task Executor #0 -  Using ResourceCalculatorProcessTree : null
06 Jul 2022 12:44:36,084 LocalJobRunner Map Task Executor #0 - Processing split: file:/Users/buiminhchi/GHTK/masterDev/bai7_Hadoop/bai3/input/people.csv:0+12619884
06 Jul 2022 12:44:36,089 LocalJobRunner Map Task Executor #0 - Trying map output collector class: org.apache.hadoop.mapred.MapTask$MapOutputBuffer
06 Jul 2022 12:44:36,196 LocalJobRunner Map Task Executor #0 - (EQUATOR) 0 kvi 26214396(104857584)
06 Jul 2022 12:44:36,196 LocalJobRunner Map Task Executor #0 - mapreduce.task.io.sort.mb: 100
06 Jul 2022 12:44:36,196 LocalJobRunner Map Task Executor #0 - soft limit at 83886080
06 Jul 2022 12:44:36,196 LocalJobRunner Map Task Executor #0 - bufstart = 0; bufvoid = 104857600
06 Jul 2022 12:44:36,196 LocalJobRunner Map Task Executor #0 - kvstart = 26214396; length = 6553600
06 Jul 2022 12:44:36,199 LocalJobRunner Map Task Executor #0 - Map output collector class = org.apache.hadoop.mapred.MapTask$MapOutputBuffer
06 Jul 2022 12:44:36,628 LocalJobRunner Map Task Executor #0 - 
06 Jul 2022 12:44:36,628 LocalJobRunner Map Task Executor #0 - Starting flush of map output
06 Jul 2022 12:44:36,628 LocalJobRunner Map Task Executor #0 - Spilling map output
06 Jul 2022 12:44:36,628 LocalJobRunner Map Task Executor #0 - bufstart = 0; bufend = 12953256; bufvoid = 104857600
06 Jul 2022 12:44:36,628 LocalJobRunner Map Task Executor #0 - kvstart = 26214396(104857584); kvend = 25414400(101657600); length = 799997/6553600
06 Jul 2022 12:44:36,841 LocalJobRunner Map Task Executor #0 - Finished spill 0
06 Jul 2022 12:44:36,857 LocalJobRunner Map Task Executor #0 - Task:attempt_local597135895_0001_m_000000_0 is done. And is in the process of committing
06 Jul 2022 12:44:36,859 LocalJobRunner Map Task Executor #0 - map
06 Jul 2022 12:44:36,859 LocalJobRunner Map Task Executor #0 - Task 'attempt_local597135895_0001_m_000000_0' done.
06 Jul 2022 12:44:36,864 LocalJobRunner Map Task Executor #0 - Final Counters for attempt_local597135895_0001_m_000000_0: Counters: 17
	File System Counters
		FILE: Number of bytes read=12620484
		FILE: Number of bytes written=13696180
		FILE: Number of read operations=0
		FILE: Number of large read operations=0
		FILE: Number of write operations=0
	Map-Reduce Framework
		Map input records=200001
		Map output records=200000
		Map output bytes=12953256
		Map output materialized bytes=13353268
		Input split bytes=262
		Combine input records=0
		Spilled Records=200000
		Failed Shuffles=0
		Merged Map outputs=0
		GC time elapsed (ms)=9
		Total committed heap usage (bytes)=325582848
	File Input Format Counters 
		Bytes Read=0
06 Jul 2022 12:44:36,864 LocalJobRunner Map Task Executor #0 - Finishing task: attempt_local597135895_0001_m_000000_0
06 Jul 2022 12:44:36,865 LocalJobRunner Map Task Executor #0 - afterExecute in thread: LocalJobRunner Map Task Executor #0, runnable type: java.util.concurrent.FutureTask
06 Jul 2022 12:44:36,865 LocalJobRunner Map Task Executor #0 - beforeExecute in thread: LocalJobRunner Map Task Executor #0, runnable type: java.util.concurrent.FutureTask
06 Jul 2022 12:44:36,865 LocalJobRunner Map Task Executor #0 - Starting task: attempt_local597135895_0001_m_000001_0
06 Jul 2022 12:44:36,865 LocalJobRunner Map Task Executor #0 - currentIndex 0   0:0
06 Jul 2022 12:44:36,865 LocalJobRunner Map Task Executor #0 - mapreduce.cluster.local.dir for child : /tmp/hadoop-buiminhchi/mapred/local/localRunner//buiminhchi/jobcache/job_local597135895_0001/attempt_local597135895_0001_m_000001_0
06 Jul 2022 12:44:36,865 LocalJobRunner Map Task Executor #0 - using new api for output committer
06 Jul 2022 12:44:36,866 LocalJobRunner Map Task Executor #0 - Looking for committer factory for path file:/Users/buiminhchi/GHTK/masterDev/bai7_Hadoop/bai3/output
06 Jul 2022 12:44:36,866 LocalJobRunner Map Task Executor #0 - No scheme-specific factory defined in mapreduce.outputcommitter.factory.scheme.file
06 Jul 2022 12:44:36,866 LocalJobRunner Map Task Executor #0 - No output committer factory defined, defaulting to FileOutputCommitterFactory
06 Jul 2022 12:44:36,866 LocalJobRunner Map Task Executor #0 - Creating FileOutputCommitter for path file:/Users/buiminhchi/GHTK/masterDev/bai7_Hadoop/bai3/output and context TaskAttemptContextImpl{JobContextImpl{jobId=job_local597135895_0001}; taskId=attempt_local597135895_0001_m_000001_0, status=''}
06 Jul 2022 12:44:36,866 LocalJobRunner Map Task Executor #0 - Creating committer with output path file:/Users/buiminhchi/GHTK/masterDev/bai7_Hadoop/bai3/output and job context TaskAttemptContextImpl{JobContextImpl{jobId=job_local597135895_0001}; taskId=attempt_local597135895_0001_m_000001_0, status=''}
06 Jul 2022 12:44:36,866 LocalJobRunner Map Task Executor #0 - File Output Committer Algorithm version is 2
06 Jul 2022 12:44:36,866 LocalJobRunner Map Task Executor #0 - FileOutputCommitter skip cleanup _temporary folders under output directory:false, ignore cleanup failures: false
06 Jul 2022 12:44:36,866 LocalJobRunner Map Task Executor #0 - ProcfsBasedProcessTree currently is supported only on Linux.
06 Jul 2022 12:44:36,866 LocalJobRunner Map Task Executor #0 -  Using ResourceCalculatorProcessTree : null
06 Jul 2022 12:44:36,867 LocalJobRunner Map Task Executor #0 - Processing split: file:/Users/buiminhchi/GHTK/masterDev/bai7_Hadoop/bai3/input/salary.csv:0+92
06 Jul 2022 12:44:36,867 LocalJobRunner Map Task Executor #0 - Trying map output collector class: org.apache.hadoop.mapred.MapTask$MapOutputBuffer
06 Jul 2022 12:44:36,912 LocalJobRunner Map Task Executor #0 - (EQUATOR) 0 kvi 26214396(104857584)
06 Jul 2022 12:44:36,913 LocalJobRunner Map Task Executor #0 - mapreduce.task.io.sort.mb: 100
06 Jul 2022 12:44:36,913 LocalJobRunner Map Task Executor #0 - soft limit at 83886080
06 Jul 2022 12:44:36,913 LocalJobRunner Map Task Executor #0 - bufstart = 0; bufvoid = 104857600
06 Jul 2022 12:44:36,913 LocalJobRunner Map Task Executor #0 - kvstart = 26214396; length = 6553600
06 Jul 2022 12:44:36,913 LocalJobRunner Map Task Executor #0 - Map output collector class = org.apache.hadoop.mapred.MapTask$MapOutputBuffer
06 Jul 2022 12:44:36,916 LocalJobRunner Map Task Executor #0 - 
06 Jul 2022 12:44:36,916 LocalJobRunner Map Task Executor #0 - Starting flush of map output
06 Jul 2022 12:44:36,916 LocalJobRunner Map Task Executor #0 - Spilling map output
06 Jul 2022 12:44:36,916 LocalJobRunner Map Task Executor #0 - bufstart = 0; bufend = 106; bufvoid = 104857600
06 Jul 2022 12:44:36,916 LocalJobRunner Map Task Executor #0 - kvstart = 26214396(104857584); kvend = 26214380(104857520); length = 17/6553600
06 Jul 2022 12:44:36,925 LocalJobRunner Map Task Executor #0 - Finished spill 0
06 Jul 2022 12:44:36,929 LocalJobRunner Map Task Executor #0 - Task:attempt_local597135895_0001_m_000001_0 is done. And is in the process of committing
06 Jul 2022 12:44:36,930 LocalJobRunner Map Task Executor #0 - map
06 Jul 2022 12:44:36,930 LocalJobRunner Map Task Executor #0 - Task 'attempt_local597135895_0001_m_000001_0' done.
06 Jul 2022 12:44:36,931 LocalJobRunner Map Task Executor #0 - Final Counters for attempt_local597135895_0001_m_000001_0: Counters: 17
	File System Counters
		FILE: Number of bytes read=12621123
		FILE: Number of bytes written=13696364
		FILE: Number of read operations=0
		FILE: Number of large read operations=0
		FILE: Number of write operations=0
	Map-Reduce Framework
		Map input records=6
		Map output records=5
		Map output bytes=106
		Map output materialized bytes=128
		Input split bytes=262
		Combine input records=0
		Spilled Records=5
		Failed Shuffles=0
		Merged Map outputs=0
		GC time elapsed (ms)=0
		Total committed heap usage (bytes)=430964736
	File Input Format Counters 
		Bytes Read=0
06 Jul 2022 12:44:36,931 LocalJobRunner Map Task Executor #0 - Finishing task: attempt_local597135895_0001_m_000001_0
06 Jul 2022 12:44:36,931 LocalJobRunner Map Task Executor #0 - afterExecute in thread: LocalJobRunner Map Task Executor #0, runnable type: java.util.concurrent.FutureTask
06 Jul 2022 12:44:36,931 Thread-20 - map task executor complete.
06 Jul 2022 12:44:36,932 Thread-20 - Starting reduce thread pool executor.
06 Jul 2022 12:44:36,932 Thread-20 - Max local threads: 1
06 Jul 2022 12:44:36,932 Thread-20 - Reduce tasks to process: 2
06 Jul 2022 12:44:36,933 Thread-20 - Waiting for reduce tasks
06 Jul 2022 12:44:36,933 pool-4-thread-1 - beforeExecute in thread: pool-4-thread-1, runnable type: java.util.concurrent.FutureTask
06 Jul 2022 12:44:36,933 pool-4-thread-1 - Starting task: attempt_local597135895_0001_r_000000_0
06 Jul 2022 12:44:36,934 pool-4-thread-1 - currentIndex 0   0:0
06 Jul 2022 12:44:36,936 pool-4-thread-1 - mapreduce.cluster.local.dir for child : /tmp/hadoop-buiminhchi/mapred/local/localRunner//buiminhchi/jobcache/job_local597135895_0001/attempt_local597135895_0001_r_000000_0
06 Jul 2022 12:44:36,936 pool-4-thread-1 - using new api for output committer
06 Jul 2022 12:44:36,936 pool-4-thread-1 - Looking for committer factory for path file:/Users/buiminhchi/GHTK/masterDev/bai7_Hadoop/bai3/output
06 Jul 2022 12:44:36,936 pool-4-thread-1 - No scheme-specific factory defined in mapreduce.outputcommitter.factory.scheme.file
06 Jul 2022 12:44:36,936 pool-4-thread-1 - No output committer factory defined, defaulting to FileOutputCommitterFactory
06 Jul 2022 12:44:36,936 pool-4-thread-1 - Creating FileOutputCommitter for path file:/Users/buiminhchi/GHTK/masterDev/bai7_Hadoop/bai3/output and context TaskAttemptContextImpl{JobContextImpl{jobId=job_local597135895_0001}; taskId=attempt_local597135895_0001_r_000000_0, status=''}
06 Jul 2022 12:44:36,936 pool-4-thread-1 - Creating committer with output path file:/Users/buiminhchi/GHTK/masterDev/bai7_Hadoop/bai3/output and job context TaskAttemptContextImpl{JobContextImpl{jobId=job_local597135895_0001}; taskId=attempt_local597135895_0001_r_000000_0, status=''}
06 Jul 2022 12:44:36,936 pool-4-thread-1 - File Output Committer Algorithm version is 2
06 Jul 2022 12:44:36,936 pool-4-thread-1 - FileOutputCommitter skip cleanup _temporary folders under output directory:false, ignore cleanup failures: false
06 Jul 2022 12:44:36,936 pool-4-thread-1 - ProcfsBasedProcessTree currently is supported only on Linux.
06 Jul 2022 12:44:36,936 pool-4-thread-1 -  Using ResourceCalculatorProcessTree : null
06 Jul 2022 12:44:36,938 pool-4-thread-1 - Using ShuffleConsumerPlugin: org.apache.hadoop.mapreduce.task.reduce.Shuffle@23d3790c
06 Jul 2022 12:44:36,938 pool-4-thread-1 - JobTracker metrics system already initialized!
06 Jul 2022 12:44:36,940 pool-4-thread-1 - field private org.apache.hadoop.metrics2.lib.MutableCounterInt org.apache.hadoop.mapreduce.task.reduce.ShuffleClientMetrics.numFailedFetches with annotation @org.apache.hadoop.metrics2.annotation.Metric(sampleName=Ops, about=, always=false, type=DEFAULT, valueName=Time, value=[])
06 Jul 2022 12:44:36,940 pool-4-thread-1 - field private org.apache.hadoop.metrics2.lib.MutableCounterInt org.apache.hadoop.mapreduce.task.reduce.ShuffleClientMetrics.numSuccessFetches with annotation @org.apache.hadoop.metrics2.annotation.Metric(sampleName=Ops, about=, always=false, type=DEFAULT, valueName=Time, value=[])
06 Jul 2022 12:44:36,940 pool-4-thread-1 - field private org.apache.hadoop.metrics2.lib.MutableCounterLong org.apache.hadoop.mapreduce.task.reduce.ShuffleClientMetrics.numBytes with annotation @org.apache.hadoop.metrics2.annotation.Metric(sampleName=Ops, about=, always=false, type=DEFAULT, valueName=Time, value=[])
06 Jul 2022 12:44:36,941 pool-4-thread-1 - field private org.apache.hadoop.metrics2.lib.MutableGaugeInt org.apache.hadoop.mapreduce.task.reduce.ShuffleClientMetrics.numThreadsBusy with annotation @org.apache.hadoop.metrics2.annotation.Metric(sampleName=Ops, about=, always=false, type=DEFAULT, valueName=Time, value=[])
06 Jul 2022 12:44:36,941 pool-4-thread-1 - ShuffleClientMetrics-787739414, ShuffleClientMetrics
06 Jul 2022 12:44:36,941 pool-4-thread-1 - poking parent 'PropertiesConfiguration' for key: source.source.start_mbeans
06 Jul 2022 12:44:36,941 pool-4-thread-1 - poking parent 'MetricsConfig' for key: source.start_mbeans
06 Jul 2022 12:44:36,941 pool-4-thread-1 - poking parent 'PropertiesConfiguration' for key: *.source.start_mbeans
06 Jul 2022 12:44:36,941 pool-4-thread-1 - Updating attr cache...
06 Jul 2022 12:44:36,941 pool-4-thread-1 - Done. # tags & metrics=6
06 Jul 2022 12:44:36,941 pool-4-thread-1 - Updating info cache...
06 Jul 2022 12:44:36,941 pool-4-thread-1 - [javax.management.MBeanAttributeInfo[description=Metrics context, name=tag.Context, type=java.lang.String, read-only, descriptor={}], javax.management.MBeanAttributeInfo[description=Local hostname, name=tag.Hostname, type=java.lang.String, read-only, descriptor={}], javax.management.MBeanAttributeInfo[description=NumFailedFetches, name=NumFailedFetches, type=java.lang.Integer, read-only, descriptor={}], javax.management.MBeanAttributeInfo[description=NumSuccessFetches, name=NumSuccessFetches, type=java.lang.Integer, read-only, descriptor={}], javax.management.MBeanAttributeInfo[description=NumBytes, name=NumBytes, type=java.lang.Long, read-only, descriptor={}], javax.management.MBeanAttributeInfo[description=NumThreadsBusy, name=NumThreadsBusy, type=java.lang.Integer, read-only, descriptor={}]]
06 Jul 2022 12:44:36,941 pool-4-thread-1 - Done
06 Jul 2022 12:44:36,941 pool-4-thread-1 - Registered Hadoop:service=JobTracker,name=ShuffleClientMetrics-787739414
06 Jul 2022 12:44:36,941 pool-4-thread-1 - MBean for source ShuffleClientMetrics-787739414 registered.
06 Jul 2022 12:44:36,941 pool-4-thread-1 - Registered source ShuffleClientMetrics-787739414
06 Jul 2022 12:44:36,948 pool-4-thread-1 - MergerManager: memoryLimit=1336252800, maxSingleShuffleLimit=334063200, mergeThreshold=881926912, ioSortFactor=10, memToMemMergeOutputsThreshold=10
06 Jul 2022 12:44:36,949 EventFetcher for fetching Map Completion Events - attempt_local597135895_0001_r_000000_0 Thread started: EventFetcher for fetching Map Completion Events
06 Jul 2022 12:44:36,950 EventFetcher for fetching Map Completion Events - Got 0 map completion events from 0
06 Jul 2022 12:44:36,950 EventFetcher for fetching Map Completion Events - GetMapEventsThread about to sleep for 1000
06 Jul 2022 12:44:36,953 localfetcher#1 - LocalFetcher 1 going to fetch: attempt_local597135895_0001_m_000000_0
06 Jul 2022 12:44:36,961 localfetcher#1 - attempt_local597135895_0001_m_000000_0: Proceeding with shuffle since usedMemory (0) is lesser than memoryLimit (1336252800).CommitMemory is (0)
06 Jul 2022 12:44:36,962 localfetcher#1 - localfetcher#1 about to shuffle output of map attempt_local597135895_0001_m_000000_0 decomp: 5294217 len: 5294221 to MEMORY
06 Jul 2022 12:44:36,970 localfetcher#1 - Read 5294217 bytes from map-output for attempt_local597135895_0001_m_000000_0
06 Jul 2022 12:44:36,971 localfetcher#1 - closeInMemoryFile -> map-output of size: 5294217, inMemoryMapOutputs.size() -> 1, commitMemory -> 0, usedMemory ->5294217
06 Jul 2022 12:44:36,971 localfetcher#1 - map attempt_local597135895_0001_m_000000_0 done 1 / 2 copied.
06 Jul 2022 12:44:36,971 localfetcher#1 - LocalFetcher 1 going to fetch: attempt_local597135895_0001_m_000001_0
06 Jul 2022 12:44:36,972 localfetcher#1 - attempt_local597135895_0001_m_000001_0: Proceeding with shuffle since usedMemory (5294217) is lesser than memoryLimit (1336252800).CommitMemory is (5294217)
06 Jul 2022 12:44:36,972 localfetcher#1 - localfetcher#1 about to shuffle output of map attempt_local597135895_0001_m_000001_0 decomp: 47 len: 51 to MEMORY
06 Jul 2022 12:44:36,972 localfetcher#1 - Read 47 bytes from map-output for attempt_local597135895_0001_m_000001_0
06 Jul 2022 12:44:36,972 localfetcher#1 - closeInMemoryFile -> map-output of size: 47, inMemoryMapOutputs.size() -> 2, commitMemory -> 5294217, usedMemory ->5294264
06 Jul 2022 12:44:36,973 localfetcher#1 - map attempt_local597135895_0001_m_000001_0 done 2 / 2 copied.
06 Jul 2022 12:44:36,973 EventFetcher for fetching Map Completion Events - EventFetcher is interrupted.. Returning
06 Jul 2022 12:44:36,973 pool-4-thread-1 - 2 / 2 copied.
06 Jul 2022 12:44:36,973 pool-4-thread-1 - finalMerge called with 2 in-memory map-outputs and 0 on-disk map-outputs
06 Jul 2022 12:44:36,981 pool-4-thread-1 - Merging 2 sorted segments
06 Jul 2022 12:44:36,981 pool-4-thread-1 - Down to the last merge-pass, with 2 segments left of total size: 5294238 bytes
06 Jul 2022 12:44:37,020 main - PrivilegedAction as:buiminhchi (auth:SIMPLE) from:org.apache.hadoop.mapreduce.Job.updateStatus(Job.java:328)
06 Jul 2022 12:44:37,020 main - Job job_local597135895_0001 running in uber mode : false
06 Jul 2022 12:44:37,020 main -  map 100% reduce 0%
06 Jul 2022 12:44:37,021 main - PrivilegedAction as:buiminhchi (auth:SIMPLE) from:org.apache.hadoop.mapreduce.Job.getTaskCompletionEvents(Job.java:729)
06 Jul 2022 12:44:37,021 main - PrivilegedAction as:buiminhchi (auth:SIMPLE) from:org.apache.hadoop.mapreduce.Job.updateStatus(Job.java:328)
06 Jul 2022 12:44:37,021 main - PrivilegedAction as:buiminhchi (auth:SIMPLE) from:org.apache.hadoop.mapreduce.Job.updateStatus(Job.java:328)
06 Jul 2022 12:44:37,055 pool-4-thread-1 - Merged 2 segments, 5294264 bytes to disk to satisfy reduce memory limit
06 Jul 2022 12:44:37,055 pool-4-thread-1 - Disk file: /tmp/hadoop-buiminhchi/mapred/local/localRunner/buiminhchi/jobcache/job_local597135895_0001/attempt_local597135895_0001_r_000000_0/output/map_1.out.merged Length is 5294266
06 Jul 2022 12:44:37,056 pool-4-thread-1 - Merging 1 files, 5294266 bytes from disk
06 Jul 2022 12:44:37,056 pool-4-thread-1 - Merging 0 segments, 0 bytes from memory into reduce
06 Jul 2022 12:44:37,056 pool-4-thread-1 - Merging 1 sorted segments
06 Jul 2022 12:44:37,056 pool-4-thread-1 - Down to the last merge-pass, with 1 segments left of total size: 5294249 bytes
06 Jul 2022 12:44:37,057 pool-4-thread-1 - 2 / 2 copied.
06 Jul 2022 12:44:37,058 pool-4-thread-1 - Work file for TaskAttemptContextImpl{JobContextImpl{jobId=job_local597135895_0001}; taskId=attempt_local597135895_0001_r_000000_0, status=''} extension '' is file:/Users/buiminhchi/GHTK/masterDev/bai7_Hadoop/bai3/output/_temporary/0/_temporary/attempt_local597135895_0001_r_000000_0/part-r-00000
06 Jul 2022 12:44:37,077 pool-4-thread-1 - mapred.skip.on is deprecated. Instead, use mapreduce.job.skiprecords
06 Jul 2022 12:44:37,378 pool-4-thread-1 - Task:attempt_local597135895_0001_r_000000_0 is done. And is in the process of committing
06 Jul 2022 12:44:37,379 pool-4-thread-1 - 2 / 2 copied.
06 Jul 2022 12:44:37,379 pool-4-thread-1 - Task attempt_local597135895_0001_r_000000_0 is allowed to commit now
06 Jul 2022 12:44:37,380 pool-4-thread-1 - Merging data from DeprecatedRawLocalFileStatus{path=file:/Users/buiminhchi/GHTK/masterDev/bai7_Hadoop/bai3/output/_temporary/0/_temporary/attempt_local597135895_0001_r_000000_0; isDirectory=true; modification_time=1657086277000; access_time=1657086277000; owner=; group=; permission=rwxrwxrwx; isSymlink=false; hasAcl=false; isEncrypted=false; isErasureCoded=false} to file:/Users/buiminhchi/GHTK/masterDev/bai7_Hadoop/bai3/output
06 Jul 2022 12:44:37,382 pool-4-thread-1 - Merging data from DeprecatedRawLocalFileStatus{path=file:/Users/buiminhchi/GHTK/masterDev/bai7_Hadoop/bai3/output/_temporary/0/_temporary/attempt_local597135895_0001_r_000000_0/part-r-00000; isDirectory=false; length=6202441; replication=1; blocksize=33554432; modification_time=1657086277000; access_time=1657086277000; owner=; group=; permission=rw-rw-rw-; isSymlink=false; hasAcl=false; isEncrypted=false; isErasureCoded=false} to file:/Users/buiminhchi/GHTK/masterDev/bai7_Hadoop/bai3/output/part-r-00000
06 Jul 2022 12:44:37,383 pool-4-thread-1 - Saved output of task 'attempt_local597135895_0001_r_000000_0' to file:/Users/buiminhchi/GHTK/masterDev/bai7_Hadoop/bai3/output
06 Jul 2022 12:44:37,383 pool-4-thread-1 - reduce > reduce
06 Jul 2022 12:44:37,383 pool-4-thread-1 - Task 'attempt_local597135895_0001_r_000000_0' done.
06 Jul 2022 12:44:37,384 pool-4-thread-1 - Final Counters for attempt_local597135895_0001_r_000000_0: Counters: 24
	File System Counters
		FILE: Number of bytes read=23213942
		FILE: Number of bytes written=25241539
		FILE: Number of read operations=0
		FILE: Number of large read operations=0
		FILE: Number of write operations=0
	Map-Reduce Framework
		Combine input records=0
		Combine output records=0
		Reduce input groups=2
		Reduce shuffle bytes=5294272
		Reduce input records=80131
		Reduce output records=1
		Spilled Records=80131
		Shuffled Maps =2
		Failed Shuffles=0
		Merged Map outputs=2
		GC time elapsed (ms)=3
		Total committed heap usage (bytes)=487587840
	Shuffle Errors
		BAD_ID=0
		CONNECTION=0
		IO_ERROR=0
		WRONG_LENGTH=0
		WRONG_MAP=0
		WRONG_REDUCE=0
	File Output Format Counters 
		Bytes Written=6250909
06 Jul 2022 12:44:37,384 pool-4-thread-1 - Finishing task: attempt_local597135895_0001_r_000000_0
06 Jul 2022 12:44:37,384 pool-4-thread-1 - afterExecute in thread: pool-4-thread-1, runnable type: java.util.concurrent.FutureTask
06 Jul 2022 12:44:37,384 pool-4-thread-1 - beforeExecute in thread: pool-4-thread-1, runnable type: java.util.concurrent.FutureTask
06 Jul 2022 12:44:37,384 pool-4-thread-1 - Starting task: attempt_local597135895_0001_r_000001_0
06 Jul 2022 12:44:37,384 pool-4-thread-1 - currentIndex 0   0:0
06 Jul 2022 12:44:37,384 pool-4-thread-1 - mapreduce.cluster.local.dir for child : /tmp/hadoop-buiminhchi/mapred/local/localRunner//buiminhchi/jobcache/job_local597135895_0001/attempt_local597135895_0001_r_000001_0
06 Jul 2022 12:44:37,385 pool-4-thread-1 - using new api for output committer
06 Jul 2022 12:44:37,385 pool-4-thread-1 - Looking for committer factory for path file:/Users/buiminhchi/GHTK/masterDev/bai7_Hadoop/bai3/output
06 Jul 2022 12:44:37,385 pool-4-thread-1 - No scheme-specific factory defined in mapreduce.outputcommitter.factory.scheme.file
06 Jul 2022 12:44:37,385 pool-4-thread-1 - No output committer factory defined, defaulting to FileOutputCommitterFactory
06 Jul 2022 12:44:37,385 pool-4-thread-1 - Creating FileOutputCommitter for path file:/Users/buiminhchi/GHTK/masterDev/bai7_Hadoop/bai3/output and context TaskAttemptContextImpl{JobContextImpl{jobId=job_local597135895_0001}; taskId=attempt_local597135895_0001_r_000001_0, status=''}
06 Jul 2022 12:44:37,385 pool-4-thread-1 - Creating committer with output path file:/Users/buiminhchi/GHTK/masterDev/bai7_Hadoop/bai3/output and job context TaskAttemptContextImpl{JobContextImpl{jobId=job_local597135895_0001}; taskId=attempt_local597135895_0001_r_000001_0, status=''}
06 Jul 2022 12:44:37,385 pool-4-thread-1 - File Output Committer Algorithm version is 2
06 Jul 2022 12:44:37,385 pool-4-thread-1 - FileOutputCommitter skip cleanup _temporary folders under output directory:false, ignore cleanup failures: false
06 Jul 2022 12:44:37,386 pool-4-thread-1 - ProcfsBasedProcessTree currently is supported only on Linux.
06 Jul 2022 12:44:37,386 pool-4-thread-1 -  Using ResourceCalculatorProcessTree : null
06 Jul 2022 12:44:37,386 pool-4-thread-1 - Using ShuffleConsumerPlugin: org.apache.hadoop.mapreduce.task.reduce.Shuffle@7e3eedb4
06 Jul 2022 12:44:37,386 pool-4-thread-1 - JobTracker metrics system already initialized!
06 Jul 2022 12:44:37,386 pool-4-thread-1 - field private org.apache.hadoop.metrics2.lib.MutableCounterInt org.apache.hadoop.mapreduce.task.reduce.ShuffleClientMetrics.numFailedFetches with annotation @org.apache.hadoop.metrics2.annotation.Metric(sampleName=Ops, about=, always=false, type=DEFAULT, valueName=Time, value=[])
06 Jul 2022 12:44:37,386 pool-4-thread-1 - field private org.apache.hadoop.metrics2.lib.MutableCounterInt org.apache.hadoop.mapreduce.task.reduce.ShuffleClientMetrics.numSuccessFetches with annotation @org.apache.hadoop.metrics2.annotation.Metric(sampleName=Ops, about=, always=false, type=DEFAULT, valueName=Time, value=[])
06 Jul 2022 12:44:37,386 pool-4-thread-1 - field private org.apache.hadoop.metrics2.lib.MutableCounterLong org.apache.hadoop.mapreduce.task.reduce.ShuffleClientMetrics.numBytes with annotation @org.apache.hadoop.metrics2.annotation.Metric(sampleName=Ops, about=, always=false, type=DEFAULT, valueName=Time, value=[])
06 Jul 2022 12:44:37,386 pool-4-thread-1 - field private org.apache.hadoop.metrics2.lib.MutableGaugeInt org.apache.hadoop.mapreduce.task.reduce.ShuffleClientMetrics.numThreadsBusy with annotation @org.apache.hadoop.metrics2.annotation.Metric(sampleName=Ops, about=, always=false, type=DEFAULT, valueName=Time, value=[])
06 Jul 2022 12:44:37,386 pool-4-thread-1 - ShuffleClientMetrics-1991813251, ShuffleClientMetrics
06 Jul 2022 12:44:37,386 pool-4-thread-1 - poking parent 'PropertiesConfiguration' for key: source.source.start_mbeans
06 Jul 2022 12:44:37,386 pool-4-thread-1 - poking parent 'MetricsConfig' for key: source.start_mbeans
06 Jul 2022 12:44:37,386 pool-4-thread-1 - poking parent 'PropertiesConfiguration' for key: *.source.start_mbeans
06 Jul 2022 12:44:37,387 pool-4-thread-1 - Updating attr cache...
06 Jul 2022 12:44:37,387 pool-4-thread-1 - Done. # tags & metrics=6
06 Jul 2022 12:44:37,387 pool-4-thread-1 - Updating info cache...
06 Jul 2022 12:44:37,387 pool-4-thread-1 - [javax.management.MBeanAttributeInfo[description=Metrics context, name=tag.Context, type=java.lang.String, read-only, descriptor={}], javax.management.MBeanAttributeInfo[description=Local hostname, name=tag.Hostname, type=java.lang.String, read-only, descriptor={}], javax.management.MBeanAttributeInfo[description=NumFailedFetches, name=NumFailedFetches, type=java.lang.Integer, read-only, descriptor={}], javax.management.MBeanAttributeInfo[description=NumSuccessFetches, name=NumSuccessFetches, type=java.lang.Integer, read-only, descriptor={}], javax.management.MBeanAttributeInfo[description=NumBytes, name=NumBytes, type=java.lang.Long, read-only, descriptor={}], javax.management.MBeanAttributeInfo[description=NumThreadsBusy, name=NumThreadsBusy, type=java.lang.Integer, read-only, descriptor={}]]
06 Jul 2022 12:44:37,387 pool-4-thread-1 - Done
06 Jul 2022 12:44:37,387 pool-4-thread-1 - Registered Hadoop:service=JobTracker,name=ShuffleClientMetrics-1991813251
06 Jul 2022 12:44:37,387 pool-4-thread-1 - MBean for source ShuffleClientMetrics-1991813251 registered.
06 Jul 2022 12:44:37,387 pool-4-thread-1 - Registered source ShuffleClientMetrics-1991813251
06 Jul 2022 12:44:37,387 pool-4-thread-1 - MergerManager: memoryLimit=1336252800, maxSingleShuffleLimit=334063200, mergeThreshold=881926912, ioSortFactor=10, memToMemMergeOutputsThreshold=10
06 Jul 2022 12:44:37,388 EventFetcher for fetching Map Completion Events - attempt_local597135895_0001_r_000001_0 Thread started: EventFetcher for fetching Map Completion Events
06 Jul 2022 12:44:37,388 EventFetcher for fetching Map Completion Events - Got 0 map completion events from 0
06 Jul 2022 12:44:37,388 EventFetcher for fetching Map Completion Events - GetMapEventsThread about to sleep for 1000
06 Jul 2022 12:44:37,388 localfetcher#2 - LocalFetcher 2 going to fetch: attempt_local597135895_0001_m_000000_0
06 Jul 2022 12:44:37,390 localfetcher#2 - attempt_local597135895_0001_m_000000_0: Proceeding with shuffle since usedMemory (0) is lesser than memoryLimit (1336252800).CommitMemory is (0)
06 Jul 2022 12:44:37,395 localfetcher#2 - localfetcher#2 about to shuffle output of map attempt_local597135895_0001_m_000000_0 decomp: 8059043 len: 8059047 to MEMORY
06 Jul 2022 12:44:37,408 localfetcher#2 - Read 8059043 bytes from map-output for attempt_local597135895_0001_m_000000_0
06 Jul 2022 12:44:37,408 localfetcher#2 - closeInMemoryFile -> map-output of size: 8059043, inMemoryMapOutputs.size() -> 1, commitMemory -> 0, usedMemory ->8059043
06 Jul 2022 12:44:37,408 localfetcher#2 - map attempt_local597135895_0001_m_000000_0 done 1 / 2 copied.
06 Jul 2022 12:44:37,408 localfetcher#2 - LocalFetcher 2 going to fetch: attempt_local597135895_0001_m_000001_0
06 Jul 2022 12:44:37,409 localfetcher#2 - attempt_local597135895_0001_m_000001_0: Proceeding with shuffle since usedMemory (8059043) is lesser than memoryLimit (1336252800).CommitMemory is (8059043)
06 Jul 2022 12:44:37,409 localfetcher#2 - localfetcher#2 about to shuffle output of map attempt_local597135895_0001_m_000001_0 decomp: 73 len: 77 to MEMORY
06 Jul 2022 12:44:37,409 localfetcher#2 - Read 73 bytes from map-output for attempt_local597135895_0001_m_000001_0
06 Jul 2022 12:44:37,410 localfetcher#2 - closeInMemoryFile -> map-output of size: 73, inMemoryMapOutputs.size() -> 2, commitMemory -> 8059043, usedMemory ->8059116
06 Jul 2022 12:44:37,410 localfetcher#2 - map attempt_local597135895_0001_m_000001_0 done 2 / 2 copied.
06 Jul 2022 12:44:37,410 EventFetcher for fetching Map Completion Events - EventFetcher is interrupted.. Returning
06 Jul 2022 12:44:37,410 pool-4-thread-1 - 2 / 2 copied.
06 Jul 2022 12:44:37,410 pool-4-thread-1 - finalMerge called with 2 in-memory map-outputs and 0 on-disk map-outputs
06 Jul 2022 12:44:37,426 pool-4-thread-1 - Merging 2 sorted segments
06 Jul 2022 12:44:37,426 pool-4-thread-1 - Down to the last merge-pass, with 2 segments left of total size: 8059084 bytes
06 Jul 2022 12:44:37,529 pool-4-thread-1 - Merged 2 segments, 8059116 bytes to disk to satisfy reduce memory limit
06 Jul 2022 12:44:37,530 pool-4-thread-1 - Disk file: /tmp/hadoop-buiminhchi/mapred/local/localRunner/buiminhchi/jobcache/job_local597135895_0001/attempt_local597135895_0001_r_000001_0/output/map_1.out.merged Length is 8059118
06 Jul 2022 12:44:37,530 pool-4-thread-1 - Merging 1 files, 8059118 bytes from disk
06 Jul 2022 12:44:37,530 pool-4-thread-1 - Merging 0 segments, 0 bytes from memory into reduce
06 Jul 2022 12:44:37,530 pool-4-thread-1 - Merging 1 sorted segments
06 Jul 2022 12:44:37,530 pool-4-thread-1 - Down to the last merge-pass, with 1 segments left of total size: 8059098 bytes
06 Jul 2022 12:44:37,531 pool-4-thread-1 - 2 / 2 copied.
06 Jul 2022 12:44:37,531 pool-4-thread-1 - Work file for TaskAttemptContextImpl{JobContextImpl{jobId=job_local597135895_0001}; taskId=attempt_local597135895_0001_r_000001_0, status=''} extension '' is file:/Users/buiminhchi/GHTK/masterDev/bai7_Hadoop/bai3/output/_temporary/0/_temporary/attempt_local597135895_0001_r_000001_0/part-r-00001
06 Jul 2022 12:44:37,886 pool-4-thread-1 - Task:attempt_local597135895_0001_r_000001_0 is done. And is in the process of committing
06 Jul 2022 12:44:37,887 pool-4-thread-1 - 2 / 2 copied.
06 Jul 2022 12:44:37,887 pool-4-thread-1 - Task attempt_local597135895_0001_r_000001_0 is allowed to commit now
06 Jul 2022 12:44:37,887 pool-4-thread-1 - Merging data from DeprecatedRawLocalFileStatus{path=file:/Users/buiminhchi/GHTK/masterDev/bai7_Hadoop/bai3/output/_temporary/0/_temporary/attempt_local597135895_0001_r_000001_0; isDirectory=true; modification_time=1657086277000; access_time=1657086277000; owner=; group=; permission=rwxrwxrwx; isSymlink=false; hasAcl=false; isEncrypted=false; isErasureCoded=false} to file:/Users/buiminhchi/GHTK/masterDev/bai7_Hadoop/bai3/output
06 Jul 2022 12:44:37,888 pool-4-thread-1 - Merging data from DeprecatedRawLocalFileStatus{path=file:/Users/buiminhchi/GHTK/masterDev/bai7_Hadoop/bai3/output/_temporary/0/_temporary/attempt_local597135895_0001_r_000001_0/part-r-00001; isDirectory=false; length=9417515; replication=1; blocksize=33554432; modification_time=1657086277000; access_time=1657086277000; owner=; group=; permission=rw-rw-rw-; isSymlink=false; hasAcl=false; isEncrypted=false; isErasureCoded=false} to file:/Users/buiminhchi/GHTK/masterDev/bai7_Hadoop/bai3/output/part-r-00001
06 Jul 2022 12:44:37,888 pool-4-thread-1 - Saved output of task 'attempt_local597135895_0001_r_000001_0' to file:/Users/buiminhchi/GHTK/masterDev/bai7_Hadoop/bai3/output
06 Jul 2022 12:44:37,888 pool-4-thread-1 - reduce > reduce
06 Jul 2022 12:44:37,888 pool-4-thread-1 - Task 'attempt_local597135895_0001_r_000001_0' done.
06 Jul 2022 12:44:37,889 pool-4-thread-1 - Final Counters for attempt_local597135895_0001_r_000001_0: Counters: 24
	File System Counters
		FILE: Number of bytes read=39332296
		FILE: Number of bytes written=42791756
		FILE: Number of read operations=0
		FILE: Number of large read operations=0
		FILE: Number of write operations=0
	Map-Reduce Framework
		Combine input records=0
		Combine output records=0
		Reduce input groups=3
		Reduce shuffle bytes=8059124
		Reduce input records=119874
		Reduce output records=1
		Spilled Records=119874
		Shuffled Maps =2
		Failed Shuffles=0
		Merged Map outputs=2
		GC time elapsed (ms)=45
		Total committed heap usage (bytes)=398458880
	Shuffle Errors
		BAD_ID=0
		CONNECTION=0
		IO_ERROR=0
		WRONG_LENGTH=0
		WRONG_MAP=0
		WRONG_REDUCE=0
	File Output Format Counters 
		Bytes Written=9491099
06 Jul 2022 12:44:37,889 pool-4-thread-1 - Finishing task: attempt_local597135895_0001_r_000001_0
06 Jul 2022 12:44:37,889 pool-4-thread-1 - afterExecute in thread: pool-4-thread-1, runnable type: java.util.concurrent.FutureTask
06 Jul 2022 12:44:37,889 Thread-20 - reduce task executor complete.
06 Jul 2022 12:44:37,904 Thread-20 - PrivilegedAction as:buiminhchi (auth:SIMPLE) from:org.apache.hadoop.fs.FileContext.getAbstractFileSystem(FileContext.java:330)
06 Jul 2022 12:44:38,022 main -  map 100% reduce 100%
06 Jul 2022 12:44:38,023 main - PrivilegedAction as:buiminhchi (auth:SIMPLE) from:org.apache.hadoop.mapreduce.Job.getTaskCompletionEvents(Job.java:729)
06 Jul 2022 12:44:38,023 main - PrivilegedAction as:buiminhchi (auth:SIMPLE) from:org.apache.hadoop.mapreduce.Job.updateStatus(Job.java:328)
06 Jul 2022 12:44:38,023 main - PrivilegedAction as:buiminhchi (auth:SIMPLE) from:org.apache.hadoop.mapreduce.Job.updateStatus(Job.java:328)
06 Jul 2022 12:44:38,023 main - PrivilegedAction as:buiminhchi (auth:SIMPLE) from:org.apache.hadoop.mapreduce.Job.getTaskCompletionEvents(Job.java:729)
06 Jul 2022 12:44:38,023 main - PrivilegedAction as:buiminhchi (auth:SIMPLE) from:org.apache.hadoop.mapreduce.Job.updateStatus(Job.java:328)
06 Jul 2022 12:44:38,023 main - PrivilegedAction as:buiminhchi (auth:SIMPLE) from:org.apache.hadoop.mapreduce.Job.updateStatus(Job.java:328)
06 Jul 2022 12:44:38,023 main - Job job_local597135895_0001 completed successfully
06 Jul 2022 12:44:38,023 main - PrivilegedAction as:buiminhchi (auth:SIMPLE) from:org.apache.hadoop.mapreduce.Job.getCounters(Job.java:817)
06 Jul 2022 12:44:38,028 main - Counters: 30
	File System Counters
		FILE: Number of bytes read=87787845
		FILE: Number of bytes written=95425839
		FILE: Number of read operations=0
		FILE: Number of large read operations=0
		FILE: Number of write operations=0
	Map-Reduce Framework
		Map input records=200007
		Map output records=200005
		Map output bytes=12953362
		Map output materialized bytes=13353396
		Input split bytes=524
		Combine input records=0
		Combine output records=0
		Reduce input groups=5
		Reduce shuffle bytes=13353396
		Reduce input records=200005
		Reduce output records=2
		Spilled Records=400010
		Shuffled Maps =4
		Failed Shuffles=0
		Merged Map outputs=4
		GC time elapsed (ms)=57
		Total committed heap usage (bytes)=1642594304
	Shuffle Errors
		BAD_ID=0
		CONNECTION=0
		IO_ERROR=0
		WRONG_LENGTH=0
		WRONG_MAP=0
		WRONG_REDUCE=0
	File Input Format Counters 
		Bytes Read=0
	File Output Format Counters 
		Bytes Written=15742008
06 Jul 2022 12:44:38,028 main - PrivilegedAction as:buiminhchi (auth:SIMPLE) from:org.apache.hadoop.mapreduce.Job.updateStatus(Job.java:328)
06 Jul 2022 12:44:38,029 Thread-2 - ShutdownHookManger complete shutdown.
